TN:
SF:server\backend\controller\login.js
FN:4,loginUser
FNF:1
FNH:1
FNDA:5,loginUser
DA:1,1
DA:2,1
DA:3,1
DA:4,1
DA:5,5
DA:6,5
DA:7,1
DA:8,1
DA:9,4
DA:10,4
DA:11,4
DA:12,4
DA:13,5
DA:14,1
DA:15,1
DA:16,2
DA:17,2
DA:18,2
DA:19,5
DA:20,1
DA:21,1
DA:22,1
DA:23,1
DA:24,1
DA:25,1
DA:26,1
DA:27,1
DA:28,1
DA:29,5
DA:30,1
DA:31,1
DA:32,1
DA:33,1
LF:33
LH:33
BRDA:4,0,0,5
BRDA:6,1,0,4
BRDA:6,2,0,1
BRDA:8,3,0,4
BRDA:12,4,0,3
BRDA:13,5,0,1
BRDA:15,6,0,2
BRDA:19,7,0,1
BRF:8
BRH:8
end_of_record
TN:
SF:server\backend\controller\profileController.js
FN:6,getProfiles
FN:16,getUserProfile
FN:37,createProfile
FN:51,editProfile
FNF:4
FNH:4
FNDA:2,getProfiles
FNDA:3,getUserProfile
FNDA:2,createProfile
FNDA:3,editProfile
DA:1,1
DA:2,1
DA:3,1
DA:4,1
DA:5,1
DA:6,1
DA:7,2
DA:8,2
DA:9,1
DA:10,1
DA:11,1
DA:12,1
DA:13,2
DA:14,1
DA:15,1
DA:16,1
DA:17,3
DA:18,3
DA:19,3
DA:20,3
DA:21,3
DA:22,2
DA:23,2
DA:24,2
DA:25,3
DA:26,1
DA:27,1
DA:28,1
DA:29,1
DA:30,1
DA:31,1
DA:32,1
DA:33,3
DA:34,1
DA:35,1
DA:36,1
DA:37,1
DA:38,2
DA:39,2
DA:40,2
DA:41,2
DA:42,2
DA:43,2
DA:44,1
DA:45,1
DA:46,1
DA:47,1
DA:48,2
DA:49,1
DA:50,1
DA:51,1
DA:52,3
DA:53,3
DA:54,3
DA:55,3
DA:56,3
DA:57,3
DA:58,3
DA:59,2
DA:60,3
DA:61,1
DA:62,1
DA:63,1
DA:64,1
DA:65,1
DA:66,1
DA:67,1
DA:68,3
DA:69,1
DA:70,1
DA:71,1
DA:72,1
DA:73,1
DA:74,1
DA:75,1
LF:75
LH:75
BRDA:6,0,0,2
BRDA:9,1,0,1
BRDA:16,2,0,3
BRDA:21,3,0,2
BRDA:25,4,0,1
BRDA:37,5,0,2
BRDA:44,6,0,1
BRDA:51,7,0,3
BRDA:58,8,0,2
BRDA:60,9,0,1
BRF:10
BRH:10
end_of_record
TN:
SF:server\backend\controller\quoteForm.js
FN:6,getForms
FN:11,postQuoteForm
FN:38,getQuoteForm
FN:53,getUserQuoteForms
FN:66,getUserQuoteFormsInCode
FN:77,calculateFuelQuote
FNF:6
FNH:4
FNDA:2,getForms
FNDA:3,postQuoteForm
FNDA:5,getQuoteForm
FNDA:1,getUserQuoteForms
FNDA:0,getUserQuoteFormsInCode
FNDA:0,calculateFuelQuote
DA:1,1
DA:2,1
DA:3,1
DA:4,1
DA:5,1
DA:6,1
DA:7,2
DA:8,2
DA:9,2
DA:10,1
DA:11,1
DA:12,3
DA:13,3
DA:14,3
DA:15,3
DA:16,3
DA:17,3
DA:18,3
DA:19,3
DA:20,3
DA:21,3
DA:22,3
DA:23,3
DA:24,2
DA:25,2
DA:26,1
DA:27,1
DA:28,3
DA:29,1
DA:30,1
DA:31,1
DA:32,1
DA:33,1
DA:34,1
DA:35,1
DA:36,1
DA:37,1
DA:38,1
DA:39,5
DA:40,5
DA:41,5
DA:42,5
DA:43,2
DA:44,2
DA:45,2
DA:46,3
DA:47,1
DA:48,1
DA:49,1
DA:50,5
DA:51,1
DA:52,1
DA:53,1
DA:54,1
DA:55,1
DA:56,1
DA:57,1
DA:58,1
DA:59,0
DA:60,1
DA:61,1
DA:62,1
DA:63,1
DA:64,1
DA:65,1
DA:66,1
DA:67,0
DA:68,0
DA:69,0
DA:70,0
DA:71,0
DA:72,0
DA:73,0
DA:74,0
DA:75,0
DA:76,1
DA:77,1
DA:78,0
DA:79,0
DA:80,0
DA:81,0
DA:82,0
DA:83,0
DA:84,0
DA:85,0
DA:86,0
DA:87,0
DA:88,0
DA:89,0
DA:90,0
DA:91,0
DA:92,0
DA:93,0
DA:94,0
DA:95,0
DA:96,0
DA:97,0
DA:98,0
DA:99,0
DA:100,0
DA:101,0
DA:102,0
DA:103,0
DA:104,0
DA:105,0
DA:106,0
DA:107,0
DA:108,0
DA:109,0
DA:110,0
DA:111,0
DA:112,0
DA:113,0
DA:114,0
DA:115,0
DA:116,0
DA:117,0
DA:118,0
DA:119,1
DA:120,1
DA:121,1
DA:122,1
DA:123,1
DA:124,1
DA:125,1
DA:126,1
DA:127,1
DA:128,1
DA:129,1
DA:130,1
LF:130
LH:79
BRDA:6,0,0,2
BRDA:11,1,0,3
BRDA:23,2,0,2
BRDA:25,3,0,1
BRDA:38,4,0,5
BRDA:41,5,0,4
BRDA:42,6,0,3
BRDA:42,7,0,2
BRDA:46,8,0,1
BRDA:53,9,0,1
BRDA:58,10,0,0
BRF:11
BRH:10
end_of_record
TN:
SF:server\backend\controller\signup.js
FN:3,signupUser
FNF:1
FNH:1
FNDA:4,signupUser
DA:1,1
DA:2,1
DA:3,1
DA:4,4
DA:5,4
DA:6,4
DA:7,4
DA:8,1
DA:9,1
DA:10,3
DA:11,3
DA:12,3
DA:13,4
DA:14,1
DA:15,1
DA:16,1
DA:17,1
DA:18,1
DA:19,1
DA:20,1
DA:21,1
DA:22,1
DA:23,1
DA:24,4
DA:25,1
DA:26,1
DA:27,1
DA:28,1
LF:28
LH:28
BRDA:3,0,0,4
BRDA:7,1,0,3
BRDA:7,2,0,1
BRDA:9,3,0,3
BRDA:12,4,0,2
BRDA:13,5,0,1
BRF:6
BRH:6
end_of_record
TN:
SF:server\backend\models\pricingModel.js
FN:38,Object.<anonymous>.pricingSchema.methods.calculatePrice
FNF:1
FNH:1
FNDA:3,Object.<anonymous>.pricingSchema.methods.calculatePrice
DA:1,1
DA:2,1
DA:3,1
DA:4,1
DA:5,1
DA:6,1
DA:7,1
DA:8,1
DA:9,1
DA:10,1
DA:11,1
DA:12,1
DA:13,1
DA:14,1
DA:15,1
DA:16,1
DA:17,1
DA:18,1
DA:19,1
DA:20,1
DA:21,1
DA:22,1
DA:23,1
DA:24,1
DA:25,1
DA:26,1
DA:27,1
DA:28,1
DA:29,1
DA:30,1
DA:31,1
DA:32,1
DA:33,1
DA:34,1
DA:35,1
DA:36,1
DA:37,1
DA:38,1
DA:39,3
DA:40,3
DA:41,3
DA:42,3
DA:43,3
DA:44,3
DA:45,3
DA:46,3
DA:47,3
DA:48,3
DA:49,3
DA:50,3
DA:51,3
DA:52,3
DA:53,3
DA:54,3
DA:55,3
DA:56,3
DA:57,3
DA:58,3
DA:59,1
DA:60,1
LF:60
LH:60
BRDA:38,0,0,3
BRDA:40,1,0,1
BRDA:40,2,0,2
BRDA:41,3,0,2
BRDA:41,4,0,1
BRDA:42,5,0,1
BRDA:42,6,0,2
BRF:7
BRH:7
end_of_record
TN:
SF:server\backend\models\quoteFormModels.js
FNF:0
FNH:0
DA:1,1
DA:2,1
DA:3,1
DA:4,1
DA:5,1
DA:6,1
DA:7,1
DA:8,1
DA:9,1
DA:10,1
DA:11,1
DA:12,1
DA:13,1
DA:14,1
DA:15,1
DA:16,1
DA:17,1
DA:18,1
DA:19,1
DA:20,1
DA:21,1
DA:22,1
DA:23,1
DA:24,1
DA:25,1
DA:26,1
DA:27,1
DA:28,1
DA:29,1
DA:30,1
DA:31,1
DA:32,1
DA:33,1
DA:34,1
DA:35,1
DA:36,1
DA:37,1
DA:38,1
DA:39,1
DA:40,1
LF:40
LH:40
BRF:0
BRH:0
end_of_record
TN:
SF:server\backend\models\user.js
FNF:0
FNH:0
DA:1,1
DA:2,1
DA:3,1
DA:4,1
DA:5,1
DA:6,1
DA:7,1
DA:8,1
DA:9,1
DA:10,1
DA:11,1
DA:12,1
DA:13,1
DA:14,1
DA:15,1
DA:16,1
DA:17,1
DA:18,1
DA:19,1
DA:20,1
DA:21,1
DA:22,1
DA:23,1
DA:24,1
DA:25,0
DA:26,0
DA:27,0
DA:28,0
DA:29,0
DA:30,1
DA:31,1
DA:32,1
LF:32
LH:27
BRF:0
BRH:0
end_of_record
